[03:35:41] [main/INFO] (FabricLoader/GameProvider) Loading Minecraft 1.21.4 with Fabric Loader 0.16.10
[03:35:41] [main/DEBUG] (FabricLoader/GamePatch) Found game constructor: net.minecraft.client.main.Main -> net.minecraft.client.MinecraftClient
[03:35:41] [main/DEBUG] (FabricLoader/GamePatch) Patching game constructor <init>(Lnet/minecraft/client/RunArgs;)V
[03:35:41] [main/DEBUG] (FabricLoader/GamePatch) Run directory field is thought to be net/minecraft/client/MinecraftClient/runDirectory
[03:35:41] [main/DEBUG] (FabricLoader/GamePatch) Applying brand name hook to net/minecraft/client/ClientBrandRetriever::getClientModName
[03:35:41] [main/DEBUG] (FabricLoader/GamePatch) Applying brand name hook to net/minecraft/server/MinecraftServer::getServerModName
[03:35:41] [main/DEBUG] (FabricLoader/Mappings) Loading mappings took 92 ms
[03:35:41] [main/DEBUG] (FabricLoader/GamePatch) Patched 3 classs
[03:35:41] [main/DEBUG] (FabricLoader/Discovery) Skipping missing class path group entry D:\My Documents\Desktop\Others\ideaprojs\danismod\out\production\danismod.main
[03:35:41] [main/DEBUG] (FabricLoader/Discovery) Skipping missing class path group entry D:\My Documents\Desktop\Others\ideaprojs\danismod\out\production\classes
[03:35:41] [main/DEBUG] (FabricLoader/Discovery) Skipping missing class path group entry D:\My Documents\Desktop\Others\ideaprojs\danismod\out\production\resources
[03:35:41] [main/DEBUG] (FabricLoader/Discovery) Skipping missing class path group entry D:\My Documents\Desktop\Others\ideaprojs\danismod\out\production\danismod.client
[03:35:41] [main/DEBUG] (FabricLoader/Discovery) Skipping missing class path group entry D:\My Documents\Desktop\Others\ideaprojs\danismod\out\client\classes
[03:35:41] [main/DEBUG] (FabricLoader/Discovery) Skipping missing class path group entry D:\My Documents\Desktop\Others\ideaprojs\danismod\out\client\resources
[03:35:41] [ForkJoinPool-1-worker-1/WARN] (FabricLoader/Metadata) Mod danismod uses the version ${version} which isn't compatible with Loader's extended semantic version format (Could not parse version number component '${version}'!), SemVer is recommended for reliably evaluating dependencies and prioritizing newer version
[03:35:41] [main/DEBUG] (FabricLoader/Discovery) Mod discovery time: 30.5 ms
[03:35:41] [main/WARN] (FabricLoader/Resolution) Mod resolution failed
[03:35:41] [main/INFO] (FabricLoader/Resolution) Immediate reason: [HARD_DEP_NO_CANDIDATE danismod ${version} {depends fabricloader @ [>=${loader_version}]}, ROOT_FORCELOAD_SINGLE danismod ${version}]
[03:35:41] [main/INFO] (FabricLoader/Resolution) Reason: [HARD_DEP danismod ${version} {depends fabricloader @ [>=${loader_version}]}, HARD_DEP danismod ${version} {depends minecraft @ [${minecraft_version}]}]
[03:35:41] [main/INFO] (FabricLoader/Resolution) Fix: add [], remove [], replace [[danismod ${version}] -> add:danismod 1 ([(-∞,∞)])]
[03:35:41] [main/ERROR] (FabricLoader) Incompatible mods found!
net.fabricmc.loader.impl.FormattedException: Some of your mods are incompatible with the game or each other!
A potential solution has been determined, this may resolve your problem:
	 - Replace mod 'danismod' (danismod) ${version} with any version that is compatible with:
		 - fabricloader 0.16.10
		 - minecraft 1.21.4
More details:
	 - Mod 'danismod' (danismod) ${version} requires version ${loader_version} of mod 'Fabric Loader' (fabricloader), but only the wrong version is present: 0.16.10!
	 - Mod 'danismod' (danismod) ${version} requires version ${minecraft_version} of 'Minecraft' (minecraft), but only the wrong version is present: 1.21.4!
	at net.fabricmc.loader.impl.FormattedException.ofLocalized(FormattedException.java:51) ~[fabric-loader-0.16.10.jar:?]
	at net.fabricmc.loader.impl.FabricLoaderImpl.load(FabricLoaderImpl.java:196) ~[fabric-loader-0.16.10.jar:?]
	at net.fabricmc.loader.impl.launch.knot.Knot.init(Knot.java:146) ~[fabric-loader-0.16.10.jar:?]
	at net.fabricmc.loader.impl.launch.knot.Knot.launch(Knot.java:68) [fabric-loader-0.16.10.jar:?]
	at net.fabricmc.loader.impl.launch.knot.KnotClient.main(KnotClient.java:23) [fabric-loader-0.16.10.jar:?]
	at net.fabricmc.devlaunchinjector.Main.main(Main.java:86) [dev-launch-injector-0.2.1+build.8.jar:?]
